1728206170.874462 client started (4065248): version 3.4, socket /tmp/tmux-1000/default, protocol 8
1728206170.874508 on Linux 6.6.41 #1-NixOS SMP PREEMPT_DYNAMIC Thu Jul 18 11:21:27 UTC 2024
1728206170.874518 using libevent 2.1.12-stable poll
1728206170.874532 using utf8proc 2.9.0
1728206170.874539 using ncurses 6.4 20221231
1728206170.874586 flags are 0x10010000
1728206170.874608 socket is /tmp/tmux-1000/default
1728206170.874629 trying connect
1728206170.874774 add peer 0x1bcee90: 6 ((nil))
1728206170.875289 sending message 100 to peer 0x1bcee90 (4 bytes)
1728206170.875312 sending message 111 to peer 0x1bcee90 (8 bytes)
1728206170.875320 sending message 101 to peer 0x1bcee90 (16 bytes)
1728206170.875327 sending message 109 to peer 0x1bcee90 (4 bytes)
1728206170.875333 sending message 102 to peer 0x1bcee90 (11 bytes)
1728206170.875339 sending message 108 to peer 0x1bcee90 (24 bytes)
1728206170.875346 sending message 112 to peer 0x1bcee90 (70 bytes)
1728206170.875352 sending message 112 to peer 0x1bcee90 (5 bytes)
1728206170.875358 sending message 112 to peer 0x1bcee90 (5 bytes)
1728206170.875365 sending message 112 to peer 0x1bcee90 (6 bytes)
1728206170.875371 sending message 112 to peer 0x1bcee90 (6 bytes)
1728206170.875377 sending message 112 to peer 0x1bcee90 (11 bytes)
1728206170.875383 sending message 112 to peer 0x1bcee90 (10 bytes)
1728206170.875389 sending message 112 to peer 0x1bcee90 (13 bytes)
1728206170.875396 sending message 112 to peer 0x1bcee90 (13 bytes)
1728206170.875402 sending message 112 to peer 0x1bcee90 (18 bytes)
1728206170.875409 sending message 112 to peer 0x1bcee90 (11 bytes)
1728206170.875415 sending message 112 to peer 0x1bcee90 (21 bytes)
1728206170.875421 sending message 112 to peer 0x1bcee90 (13 bytes)
1728206170.875427 sending message 112 to peer 0x1bcee90 (7 bytes)
1728206170.875434 sending message 112 to peer 0x1bcee90 (13 bytes)
1728206170.875440 sending message 112 to peer 0x1bcee90 (7 bytes)
1728206170.875446 sending message 112 to peer 0x1bcee90 (13 bytes)
1728206170.875452 sending message 112 to peer 0x1bcee90 (9 bytes)
1728206170.875458 sending message 112 to peer 0x1bcee90 (21 bytes)
1728206170.875464 sending message 112 to peer 0x1bcee90 (13 bytes)
1728206170.875471 sending message 112 to peer 0x1bcee90 (8 bytes)
1728206170.875477 sending message 112 to peer 0x1bcee90 (12 bytes)
1728206170.875483 sending message 112 to peer 0x1bcee90 (13 bytes)
1728206170.875490 sending message 112 to peer 0x1bcee90 (9 bytes)
1728206170.875496 sending message 112 to peer 0x1bcee90 (9 bytes)
1728206170.875502 sending message 112 to peer 0x1bcee90 (12 bytes)
1728206170.875508 sending message 112 to peer 0x1bcee90 (8 bytes)
1728206170.875515 sending message 112 to peer 0x1bcee90 (7 bytes)
1728206170.875521 sending message 112 to peer 0x1bcee90 (7 bytes)
1728206170.875527 sending message 112 to peer 0x1bcee90 (9 bytes)
1728206170.875533 sending message 112 to peer 0x1bcee90 (13 bytes)
1728206170.875539 sending message 112 to peer 0x1bcee90 (9 bytes)
1728206170.875546 sending message 112 to peer 0x1bcee90 (15 bytes)
1728206170.875552 sending message 112 to peer 0x1bcee90 (13 bytes)
1728206170.875558 sending message 112 to peer 0x1bcee90 (12 bytes)
1728206170.875564 sending message 112 to peer 0x1bcee90 (8 bytes)
1728206170.875570 sending message 112 to peer 0x1bcee90 (14 bytes)
1728206170.875576 sending message 112 to peer 0x1bcee90 (9 bytes)
1728206170.875583 sending message 112 to peer 0x1bcee90 (10 bytes)
1728206170.875589 sending message 112 to peer 0x1bcee90 (10 bytes)
1728206170.875595 sending message 112 to peer 0x1bcee90 (10 bytes)
1728206170.875601 sending message 112 to peer 0x1bcee90 (10 bytes)
1728206170.875608 sending message 112 to peer 0x1bcee90 (11 bytes)
1728206170.875614 sending message 112 to peer 0x1bcee90 (10 bytes)
1728206170.875620 sending message 112 to peer 0x1bcee90 (8 bytes)
1728206170.875626 sending message 112 to peer 0x1bcee90 (11 bytes)
1728206170.875633 sending message 112 to peer 0x1bcee90 (11 bytes)
1728206170.875639 sending message 112 to peer 0x1bcee90 (11 bytes)
1728206170.875645 sending message 112 to peer 0x1bcee90 (8 bytes)
1728206170.875664 sending message 112 to peer 0x1bcee90 (8 bytes)
1728206170.875671 sending message 112 to peer 0x1bcee90 (8 bytes)
1728206170.875677 sending message 112 to peer 0x1bcee90 (10 bytes)
1728206170.875684 sending message 112 to peer 0x1bcee90 (10 bytes)
1728206170.875690 sending message 112 to peer 0x1bcee90 (10 bytes)
1728206170.875696 sending message 112 to peer 0x1bcee90 (10 bytes)
1728206170.875703 sending message 112 to peer 0x1bcee90 (10 bytes)
1728206170.875709 sending message 112 to peer 0x1bcee90 (11 bytes)
1728206170.875715 sending message 112 to peer 0x1bcee90 (11 bytes)
1728206170.875721 sending message 112 to peer 0x1bcee90 (10 bytes)
1728206170.875728 sending message 112 to peer 0x1bcee90 (9 bytes)
1728206170.875735 sending message 112 to peer 0x1bcee90 (9 bytes)
1728206170.875741 sending message 112 to peer 0x1bcee90 (12 bytes)
1728206170.875747 sending message 112 to peer 0x1bcee90 (9 bytes)
1728206170.875753 sending message 112 to peer 0x1bcee90 (6 bytes)
1728206170.875760 sending message 112 to peer 0x1bcee90 (13 bytes)
1728206170.875766 sending message 112 to peer 0x1bcee90 (8 bytes)
1728206170.875772 sending message 112 to peer 0x1bcee90 (15 bytes)
1728206170.875779 sending message 112 to peer 0x1bcee90 (13 bytes)
1728206170.875785 sending message 112 to peer 0x1bcee90 (70 bytes)
1728206170.875791 sending message 112 to peer 0x1bcee90 (69 bytes)
1728206170.875797 sending message 112 to peer 0x1bcee90 (10 bytes)
1728206170.875804 sending message 112 to peer 0x1bcee90 (8 bytes)
1728206170.875810 sending message 112 to peer 0x1bcee90 (15 bytes)
1728206170.875829 sending message 112 to peer 0x1bcee90 (13 bytes)
1728206170.875836 sending message 112 to peer 0x1bcee90 (10 bytes)
1728206170.875842 sending message 112 to peer 0x1bcee90 (10 bytes)
1728206170.875848 sending message 112 to peer 0x1bcee90 (5 bytes)
1728206170.875854 sending message 112 to peer 0x1bcee90 (15 bytes)
1728206170.875863 sending message 104 to peer 0x1bcee90 (0 bytes)
1728206170.875872 sending message 110 to peer 0x1bcee90 (0 bytes)
1728206170.875881 sending message 107 to peer 0x1bcee90 (4 bytes)
1728206170.875888 sending message 105 to peer 0x1bcee90 (38 bytes)
1728206170.875894 sending message 105 to peer 0x1bcee90 (102 bytes)
1728206170.875901 sending message 105 to peer 0x1bcee90 (88 bytes)
1728206170.875907 sending message 105 to peer 0x1bcee90 (129 bytes)
1728206170.875914 sending message 105 to peer 0x1bcee90 (21 bytes)
1728206170.875920 sending message 105 to peer 0x1bcee90 (109 bytes)
1728206170.875927 sending message 105 to peer 0x1bcee90 (20 bytes)
1728206170.875933 sending message 105 to peer 0x1bcee90 (387 bytes)
1728206170.875940 sending message 105 to peer 0x1bcee90 (23 bytes)
1728206170.875946 sending message 105 to peer 0x1bcee90 (25 bytes)
1728206170.875953 sending message 105 to peer 0x1bcee90 (38 bytes)
1728206170.875959 sending message 105 to peer 0x1bcee90 (23 bytes)
1728206170.875966 sending message 105 to peer 0x1bcee90 (20 bytes)
1728206170.875972 sending message 105 to peer 0x1bcee90 (41 bytes)
1728206170.875978 sending message 105 to peer 0x1bcee90 (707 bytes)
1728206170.875985 sending message 105 to peer 0x1bcee90 (51 bytes)
1728206170.875991 sending message 105 to peer 0x1bcee90 (58 bytes)
1728206170.875998 sending message 105 to peer 0x1bcee90 (27 bytes)
1728206170.876004 sending message 105 to peer 0x1bcee90 (22 bytes)
1728206170.876010 sending message 105 to peer 0x1bcee90 (24 bytes)
1728206170.876017 sending message 105 to peer 0x1bcee90 (122 bytes)
1728206170.876023 sending message 105 to peer 0x1bcee90 (19 bytes)
1728206170.876029 sending message 105 to peer 0x1bcee90 (12 bytes)
1728206170.876036 sending message 105 to peer 0x1bcee90 (68 bytes)
1728206170.876042 sending message 105 to peer 0x1bcee90 (23 bytes)
1728206170.876118 sending message 105 to peer 0x1bcee90 (107 bytes)
1728206170.876126 sending message 105 to peer 0x1bcee90 (28 bytes)
1728206170.876133 sending message 105 to peer 0x1bcee90 (232 bytes)
1728206170.876140 sending message 105 to peer 0x1bcee90 (120 bytes)
1728206170.876155 sending message 105 to peer 0x1bcee90 (165 bytes)
1728206170.876161 sending message 105 to peer 0x1bcee90 (26 bytes)
1728206170.876168 sending message 105 to peer 0x1bcee90 (13 bytes)
1728206170.876174 sending message 105 to peer 0x1bcee90 (16 bytes)
1728206170.876180 sending message 105 to peer 0x1bcee90 (25 bytes)
1728206170.876187 sending message 105 to peer 0x1bcee90 (129 bytes)
1728206170.876193 sending message 105 to peer 0x1bcee90 (134 bytes)
1728206170.876200 sending message 105 to peer 0x1bcee90 (79 bytes)
1728206170.876206 sending message 105 to peer 0x1bcee90 (155 bytes)
1728206170.876213 sending message 105 to peer 0x1bcee90 (23 bytes)
1728206170.876219 sending message 105 to peer 0x1bcee90 (43 bytes)
1728206170.876226 sending message 105 to peer 0x1bcee90 (54 bytes)
1728206170.876232 sending message 105 to peer 0x1bcee90 (66 bytes)
1728206170.876238 sending message 105 to peer 0x1bcee90 (21 bytes)
1728206170.876245 sending message 105 to peer 0x1bcee90 (129 bytes)
1728206170.876251 sending message 105 to peer 0x1bcee90 (16 bytes)
1728206170.876258 sending message 105 to peer 0x1bcee90 (14 bytes)
1728206170.876264 sending message 105 to peer 0x1bcee90 (99 bytes)
1728206170.876270 sending message 105 to peer 0x1bcee90 (21 bytes)
1728206170.876277 sending message 105 to peer 0x1bcee90 (17 bytes)
1728206170.876284 sending message 105 to peer 0x1bcee90 (124 bytes)
1728206170.876290 sending message 105 to peer 0x1bcee90 (1905 bytes)
1728206170.876317 sending message 105 to peer 0x1bcee90 (26 bytes)
1728206170.876324 sending message 105 to peer 0x1bcee90 (155 bytes)
1728206170.876331 sending message 105 to peer 0x1bcee90 (17 bytes)
1728206170.876337 sending message 105 to peer 0x1bcee90 (26 bytes)
1728206170.876344 sending message 105 to peer 0x1bcee90 (724 bytes)
1728206170.876350 sending message 105 to peer 0x1bcee90 (47 bytes)
1728206170.876357 sending message 105 to peer 0x1bcee90 (17 bytes)
1728206170.876363 sending message 105 to peer 0x1bcee90 (57 bytes)
1728206170.876370 sending message 105 to peer 0x1bcee90 (575 bytes)
1728206170.876377 sending message 105 to peer 0x1bcee90 (27 bytes)
1728206170.876383 sending message 105 to peer 0x1bcee90 (23 bytes)
1728206170.876389 sending message 105 to peer 0x1bcee90 (23 bytes)
1728206170.876396 sending message 105 to peer 0x1bcee90 (21 bytes)
1728206170.876402 sending message 105 to peer 0x1bcee90 (30 bytes)
1728206170.876408 sending message 105 to peer 0x1bcee90 (65 bytes)
1728206170.876414 sending message 105 to peer 0x1bcee90 (954 bytes)
1728206170.876421 sending message 105 to peer 0x1bcee90 (87 bytes)
1728206170.876427 sending message 105 to peer 0x1bcee90 (10 bytes)
1728206170.876434 sending message 105 to peer 0x1bcee90 (13 bytes)
1728206170.876440 sending message 105 to peer 0x1bcee90 (73 bytes)
1728206170.876447 sending message 105 to peer 0x1bcee90 (17 bytes)
1728206170.876453 sending message 105 to peer 0x1bcee90 (20 bytes)
1728206170.876459 sending message 105 to peer 0x1bcee90 (141 bytes)
1728206170.876466 sending message 105 to peer 0x1bcee90 (11 bytes)
1728206170.876472 sending message 105 to peer 0x1bcee90 (8 bytes)
1728206170.876478 sending message 105 to peer 0x1bcee90 (11 bytes)
1728206170.876485 sending message 105 to peer 0x1bcee90 (25 bytes)
1728206170.876491 sending message 105 to peer 0x1bcee90 (408 bytes)
1728206170.876498 sending message 105 to peer 0x1bcee90 (27 bytes)
1728206170.876504 sending message 105 to peer 0x1bcee90 (31 bytes)
1728206170.876511 sending message 105 to peer 0x1bcee90 (64 bytes)
1728206170.876517 sending message 105 to peer 0x1bcee90 (72 bytes)
1728206170.876524 sending message 105 to peer 0x1bcee90 (208 bytes)
1728206170.876530 sending message 105 to peer 0x1bcee90 (353 bytes)
1728206170.876537 sending message 105 to peer 0x1bcee90 (84 bytes)
1728206170.876543 sending message 105 to peer 0x1bcee90 (31 bytes)
1728206170.876549 sending message 105 to peer 0x1bcee90 (83 bytes)
1728206170.876556 sending message 105 to peer 0x1bcee90 (20 bytes)
1728206170.876562 sending message 105 to peer 0x1bcee90 (23 bytes)
1728206170.876575 sending message 105 to peer 0x1bcee90 (22 bytes)
1728206170.876582 sending message 105 to peer 0x1bcee90 (78 bytes)
1728206170.876589 sending message 105 to peer 0x1bcee90 (2347 bytes)
1728206170.876597 sending message 105 to peer 0x1bcee90 (296 bytes)
1728206170.876604 sending message 105 to peer 0x1bcee90 (274 bytes)
1728206170.876611 sending message 105 to peer 0x1bcee90 (17 bytes)
1728206170.876617 sending message 105 to peer 0x1bcee90 (54 bytes)
1728206170.876624 sending message 105 to peer 0x1bcee90 (124 bytes)
1728206170.876630 sending message 105 to peer 0x1bcee90 (37 bytes)
1728206170.876636 sending message 105 to peer 0x1bcee90 (19 bytes)
1728206170.876643 sending message 105 to peer 0x1bcee90 (23 bytes)
1728206170.876649 sending message 105 to peer 0x1bcee90 (77 bytes)
1728206170.876656 sending message 105 to peer 0x1bcee90 (139 bytes)
1728206170.876663 sending message 105 to peer 0x1bcee90 (18 bytes)
1728206170.876669 sending message 105 to peer 0x1bcee90 (34 bytes)
1728206170.876675 sending message 106 to peer 0x1bcee90 (0 bytes)
1728206170.876763 sending message 200 to peer 0x1bcee90 (4 bytes)
1728206170.876773 client loop enter
1728206170.881580 peer 0x1bcee90 message 303
1728206170.881611 open write file 2 -
1728206170.881635 sending message 305 to peer 0x1bcee90 (8 bytes)
1728206170.881658 write check file 2
1728206170.882068 peer 0x1bcee90 message 304
1728206170.882099 write 58 to file 2
1728206170.882126 peer 0x1bcee90 message 203
1728206170.882136 file 2 58 bytes left
1728206170.882169 write check file 2
1728206170.882178 client loop exit
